This is pdfTeX, Version 3.14159265-2.6-1.40.19 (MiKTeX 2.9.6800 64-bit) (preloaded format=pdflatex 2018.9.24)  18 DEC 2018 11:59
entering extended mode
**./P6-Ramirez-Garcia-Felix.tex
(P6-Ramirez-Garcia-Felix.tex
LaTeX2e <2018-04-01> patch level 5
(preambuloSimple.tex
("C:\Users\felix\AppData\Local\Programs\MiKTeX 2.9\tex\latex\koma-script\scrart
cl.cls"
Document Class: scrartcl 2018/03/30 v3.25 KOMA-Script document class (article)

("C:\Users\felix\AppData\Local\Programs\MiKTeX 2.9\tex\latex\koma-script\scrkba
se.sty"
Package: scrkbase 2018/03/30 v3.25 KOMA-Script package (KOMA-Script-dependent b
asics and keyval usage)

("C:\Users\felix\AppData\Local\Programs\MiKTeX 2.9\tex\latex\koma-script\scrbas
e.sty"
Package: scrbase 2018/03/30 v3.25 KOMA-Script package (KOMA-Script-independent 
basics and keyval usage)

("C:\Users\felix\AppData\Local\Programs\MiKTeX 2.9\tex\latex\graphics\keyval.st
y"
Package: keyval 2014/10/28 v1.15 key=value parser (DPC)
\KV@toks@=\toks14
)
("C:\Users\felix\AppData\Local\Programs\MiKTeX 2.9\tex\latex\koma-script\scrlfi
le.sty"
Package: scrlfile 2018/03/30 v3.25 KOMA-Script package (loading files)
)))
("C:\Users\felix\AppData\Local\Programs\MiKTeX 2.9\tex\latex\koma-script\tocbas
ic.sty"
Package: tocbasic 2018/03/30 v3.25 KOMA-Script package (handling toc-files)
\scr@dte@tocline@numberwidth=\skip41
\scr@dte@tocline@numbox=\box26
)
Package tocbasic Info: omitting babel extension for `toc'
(tocbasic)             because of feature `nobabel' available
(tocbasic)             for `toc' on input line 134.
Class scrartcl Info: File `scrsize11pt.clo' used to setup font sizes on input l
ine 2114.

("C:\Users\felix\AppData\Local\Programs\MiKTeX 2.9\tex\latex\koma-script\scrsiz
e11pt.clo"
File: scrsize11pt.clo 2018/03/30 v3.25 KOMA-Script font size class option (11pt
)
)
("C:\Users\felix\AppData\Local\Programs\MiKTeX 2.9\tex\latex\koma-script\typear
ea.sty"
Package: typearea 2018/03/30 v3.25 KOMA-Script package (type area)
\ta@bcor=\skip42
\ta@div=\count80
\ta@hblk=\skip43
\ta@vblk=\skip44
\ta@temp=\skip45
\footheight=\skip46
Package typearea Info: These are the values describing the layout:
(typearea)             DIV  = 10
(typearea)             BCOR = 0.0pt
(typearea)             \paperwidth      = 597.50793pt
(typearea)              \textwidth      = 418.25555pt
(typearea)              DIV departure   = -6%
(typearea)              \evensidemargin = 17.3562pt
(typearea)              \oddsidemargin  = 17.3562pt
(typearea)             \paperheight     = 845.04694pt
(typearea)              \textheight     = 595.80026pt
(typearea)              \topmargin      = -25.16531pt
(typearea)              \headheight     = 17.0pt
(typearea)              \headsep        = 20.40001pt
(typearea)              \topskip        = 11.0pt
(typearea)              \footskip       = 47.6pt
(typearea)              \baselineskip   = 13.6pt
(typearea)              on input line 1706.
)
\c@part=\count81
\c@section=\count82
\c@subsection=\count83
\c@subsubsection=\count84
\c@paragraph=\count85
\c@subparagraph=\count86
\scr@dte@part@maxnumwidth=\skip47
\scr@dte@section@maxnumwidth=\skip48
\scr@dte@subsection@maxnumwidth=\skip49
\scr@dte@subsubsection@maxnumwidth=\skip50
\scr@dte@paragraph@maxnumwidth=\skip51
\scr@dte@subparagraph@maxnumwidth=\skip52
\abovecaptionskip=\skip53
\belowcaptionskip=\skip54
\c@pti@nb@sid@b@x=\box27
\scr@dte@figure@maxnumwidth=\skip55
Package tocbasic Info: omitting babel extension for `lof'
(tocbasic)             because of feature `nobabel' available
(tocbasic)             for `lof' on input line 5439.
\c@figure=\count87
\scr@dte@table@maxnumwidth=\skip56
Package tocbasic Info: omitting babel extension for `lot'
(tocbasic)             because of feature `nobabel' available
(tocbasic)             for `lot' on input line 5451.
\c@table=\count88
Class scrartcl Info: Redefining `\numberline' on input line 5615.
\bibindent=\dimen102
)
("C:\Users\felix\AppData\Local\Programs\MiKTeX 2.9\tex\latex\base\fontenc.sty"
Package: fontenc 2017/04/05 v2.0i Standard LaTeX package

("C:\Users\felix\AppData\Local\Programs\MiKTeX 2.9\tex\latex\base\t1enc.def"
File: t1enc.def 2017/04/05 v2.0i Standard LaTeX file
LaTeX Font Info:    Redeclaring font encoding T1 on input line 48.
))
("C:\Users\felix\AppData\Local\Programs\MiKTeX 2.9\tex\latex\base\inputenc.sty"
Package: inputenc 2018/04/06 v1.3b Input encoding file
\inpenc@prehook=\toks15
\inpenc@posthook=\toks16
) ("C:\Users\felix\AppData\Local\Programs\MiKTeX 2.9\tex\generic\babel\babel.st
y"
Package: babel 2018/09/02 3.23 The Babel package

("C:\Users\felix\AppData\Local\Programs\MiKTeX 2.9\tex\generic\babel\switch.def
"
File: switch.def 2018/09/02 3.23 Babel switching mechanism
)
*************************************
* Local config file bblopts.cfg used
*
("C:\Users\felix\AppData\Local\Programs\MiKTeX 2.9\tex\latex\arabi\bblopts.cfg"
File: bblopts.cfg 2005/09/08 v0.1 add Arabic and Farsi to "declared" options of
 babel
)
("C:\Users\felix\AppData\Local\Programs\MiKTeX 2.9\tex\latex\babel-spanish\span
ish.ldf"
Language: spanish.ldf 2016/03/03 v5.0p Spanish support from the babel system

("C:\Users\felix\AppData\Local\Programs\MiKTeX 2.9\tex\generic\babel\babel.def"
File: babel.def 2018/09/02 3.23 Babel common definitions
\babel@savecnt=\count89
\U@D=\dimen103

("C:\Users\felix\AppData\Local\Programs\MiKTeX 2.9\tex\generic\babel\txtbabel.d
ef")
\bbl@dirlevel=\count90
)
\es@quottoks=\toks17
\es@quotdepth=\count91
Package babel Info: Making " an active character on input line 561.
Package babel Info: Making . an active character on input line 662.
Package babel Info: Making < an active character on input line 707.
Package babel Info: Making > an active character on input line 707.
)) ("C:\Users\felix\AppData\Local\Programs\MiKTeX 2.9\tex\latex\url\url.sty"
\Urlmuskip=\muskip10
Package: url 2013/09/16  ver 3.4  Verb mode for urls, etc.
)
("C:\Users\felix\AppData\Local\Programs\MiKTeX 2.9\tex\latex\hyperref\hyperref.
sty"
Package: hyperref 2018/02/06 v6.86b Hypertext links for LaTeX

("C:\Users\felix\AppData\Local\Programs\MiKTeX 2.9\tex\generic\oberdiek\hobsub-
hyperref.sty"
Package: hobsub-hyperref 2016/05/16 v1.14 Bundle oberdiek, subset hyperref (HO)


("C:\Users\felix\AppData\Local\Programs\MiKTeX 2.9\tex\generic\oberdiek\hobsub-
generic.sty"
Package: hobsub-generic 2016/05/16 v1.14 Bundle oberdiek, subset generic (HO)
Package: hobsub 2016/05/16 v1.14 Construct package bundles (HO)
Package: infwarerr 2016/05/16 v1.4 Providing info/warning/error messages (HO)
Package: ltxcmds 2016/05/16 v1.23 LaTeX kernel commands for general use (HO)
Package: ifluatex 2016/05/16 v1.4 Provides the ifluatex switch (HO)
Package ifluatex Info: LuaTeX not detected.
Package: ifvtex 2016/05/16 v1.6 Detect VTeX and its facilities (HO)
Package ifvtex Info: VTeX not detected.
Package: intcalc 2016/05/16 v1.2 Expandable calculations with integers (HO)
Package: ifpdf 2018/09/07 v3.3 Provides the ifpdf switch
Package: etexcmds 2016/05/16 v1.6 Avoid name clashes with e-TeX commands (HO)
Package etexcmds Info: Could not find \expanded.
(etexcmds)             That can mean that you are not using pdfTeX 1.50 or
(etexcmds)             that some package has redefined \expanded.
(etexcmds)             In the latter case, load this package earlier.
Package: kvsetkeys 2016/05/16 v1.17 Key value parser (HO)
Package: kvdefinekeys 2016/05/16 v1.4 Define keys (HO)
Package: pdftexcmds 2018/09/10 v0.29 Utility functions of pdfTeX for LuaTeX (HO
)
Package pdftexcmds Info: LuaTeX not detected.
Package pdftexcmds Info: \pdf@primitive is available.
Package pdftexcmds Info: \pdf@ifprimitive is available.
Package pdftexcmds Info: \pdfdraftmode found.
Package: pdfescape 2016/05/16 v1.14 Implements pdfTeX's escape features (HO)
Package: bigintcalc 2016/05/16 v1.4 Expandable calculations on big integers (HO
)
Package: bitset 2016/05/16 v1.2 Handle bit-vector datatype (HO)
Package: uniquecounter 2016/05/16 v1.3 Provide unlimited unique counter (HO)
)
Package hobsub Info: Skipping package `hobsub' (already loaded).
Package: letltxmacro 2016/05/16 v1.5 Let assignment for LaTeX macros (HO)
Package: hopatch 2016/05/16 v1.3 Wrapper for package hooks (HO)
Package: xcolor-patch 2016/05/16 xcolor patch
Package: atveryend 2016/05/16 v1.9 Hooks at the very end of document (HO)
Package atveryend Info: \enddocument detected (standard20110627).
Package: atbegshi 2016/06/09 v1.18 At begin shipout hook (HO)
Package: refcount 2016/05/16 v3.5 Data extraction from label references (HO)
Package: hycolor 2016/05/16 v1.8 Color options for hyperref/bookmark (HO)
)
("C:\Users\felix\AppData\Local\Programs\MiKTeX 2.9\tex\generic\ifxetex\ifxetex.
sty"
Package: ifxetex 2010/09/12 v0.6 Provides ifxetex conditional
)
("C:\Users\felix\AppData\Local\Programs\MiKTeX 2.9\tex\latex\oberdiek\auxhook.s
ty"
Package: auxhook 2016/05/16 v1.4 Hooks for auxiliary files (HO)
)
("C:\Users\felix\AppData\Local\Programs\MiKTeX 2.9\tex\latex\oberdiek\kvoptions
.sty"
Package: kvoptions 2016/05/16 v3.12 Key value format for package options (HO)
)
\@linkdim=\dimen104
\Hy@linkcounter=\count92
\Hy@pagecounter=\count93

("C:\Users\felix\AppData\Local\Programs\MiKTeX 2.9\tex\latex\hyperref\pd1enc.de
f"
File: pd1enc.def 2018/02/06 v6.86b Hyperref: PDFDocEncoding definition (HO)
Now handling font encoding PD1 ...
... no UTF-8 mapping file for font encoding PD1
)
\Hy@SavedSpaceFactor=\count94

("C:\Users\felix\AppData\Local\Programs\MiKTeX 2.9\tex\latex\00miktex\hyperref.
cfg"
File: hyperref.cfg 2002/06/06 v1.2 hyperref configuration of TeXLive
)
Package hyperref Info: Hyper figures OFF on input line 4509.
Package hyperref Info: Link nesting OFF on input line 4514.
Package hyperref Info: Hyper index ON on input line 4517.
Package hyperref Info: Plain pages OFF on input line 4524.
Package hyperref Info: Backreferencing OFF on input line 4529.
Package hyperref Info: Implicit mode ON; LaTeX internals redefined.
Package hyperref Info: Bookmarks ON on input line 4762.
\c@Hy@tempcnt=\count95
LaTeX Info: Redefining \url on input line 5115.
\XeTeXLinkMargin=\dimen105
\Fld@menulength=\count96
\Field@Width=\dimen106
\Fld@charsize=\dimen107
Package hyperref Info: Hyper figures OFF on input line 6369.
Package hyperref Info: Link nesting OFF on input line 6374.
Package hyperref Info: Hyper index ON on input line 6377.
Package hyperref Info: backreferencing OFF on input line 6384.
Package hyperref Info: Link coloring OFF on input line 6389.
Package hyperref Info: Link coloring with OCG OFF on input line 6394.
Package hyperref Info: PDF/A mode OFF on input line 6399.
LaTeX Info: Redefining \ref on input line 6439.
LaTeX Info: Redefining \pageref on input line 6443.
\Hy@abspage=\count97
\c@Item=\count98
\c@Hfootnote=\count99
)
Package hyperref Info: Driver (autodetected): hpdftex.

("C:\Users\felix\AppData\Local\Programs\MiKTeX 2.9\tex\latex\hyperref\hpdftex.d
ef"
File: hpdftex.def 2018/02/06 v6.86b Hyperref driver for pdfTeX
\Fld@listcount=\count100
\c@bookmark@seq@number=\count101

("C:\Users\felix\AppData\Local\Programs\MiKTeX 2.9\tex\latex\oberdiek\rerunfile
check.sty"
Package: rerunfilecheck 2016/05/16 v1.8 Rerun checks for auxiliary files (HO)
Package uniquecounter Info: New unique counter `rerunfilecheck' on input line 2
82.
)
\Hy@SectionHShift=\skip57
)
Package hyperref Info: Option `colorlinks' set `true' on input line 33.

("C:\Users\felix\AppData\Local\Programs\MiKTeX 2.9\tex\latex\amsmath\amsmath.st
y"
Package: amsmath 2017/09/02 v2.17a AMS math features
\@mathmargin=\skip58

For additional information on amsmath, use the `?' option.

("C:\Users\felix\AppData\Local\Programs\MiKTeX 2.9\tex\latex\amsmath\amstext.st
y"
Package: amstext 2000/06/29 v2.01 AMS text

("C:\Users\felix\AppData\Local\Programs\MiKTeX 2.9\tex\latex\amsmath\amsgen.sty
"
File: amsgen.sty 1999/11/30 v2.0 generic functions
\@emptytoks=\toks18
\ex@=\dimen108
))
("C:\Users\felix\AppData\Local\Programs\MiKTeX 2.9\tex\latex\amsmath\amsbsy.sty
"
Package: amsbsy 1999/11/29 v1.2d Bold Symbols
\pmbraise@=\dimen109
)
("C:\Users\felix\AppData\Local\Programs\MiKTeX 2.9\tex\latex\amsmath\amsopn.sty
"
Package: amsopn 2016/03/08 v2.02 operator names
)
\inf@bad=\count102
LaTeX Info: Redefining \frac on input line 213.
\uproot@=\count103
\leftroot@=\count104
LaTeX Info: Redefining \overline on input line 375.
\classnum@=\count105
\DOTSCASE@=\count106
LaTeX Info: Redefining \ldots on input line 472.
LaTeX Info: Redefining \dots on input line 475.
LaTeX Info: Redefining \cdots on input line 596.
\Mathstrutbox@=\box28
\strutbox@=\box29
\big@size=\dimen110
LaTeX Font Info:    Redeclaring font encoding OML on input line 712.
LaTeX Font Info:    Redeclaring font encoding OMS on input line 713.
\macc@depth=\count107
\c@MaxMatrixCols=\count108
\dotsspace@=\muskip11
\c@parentequation=\count109
\dspbrk@lvl=\count110
\tag@help=\toks19
\row@=\count111
\column@=\count112
\maxfields@=\count113
\andhelp@=\toks20
\eqnshift@=\dimen111
\alignsep@=\dimen112
\tagshift@=\dimen113
\tagwidth@=\dimen114
\totwidth@=\dimen115
\lineht@=\dimen116
\@envbody=\toks21
\multlinegap=\skip59
\multlinetaggap=\skip60
\mathdisplay@stack=\toks22
LaTeX Info: Redefining \[ on input line 2817.
LaTeX Info: Redefining \] on input line 2818.
)
("C:\Users\felix\AppData\Local\Programs\MiKTeX 2.9\tex\latex\amsfonts\amsfonts.
sty"
Package: amsfonts 2013/01/14 v3.01 Basic AMSFonts support
\symAMSa=\mathgroup4
\symAMSb=\mathgroup5
LaTeX Font Info:    Overwriting math alphabet `\mathfrak' in version `bold'
(Font)                  U/euf/m/n --> U/euf/b/n on input line 106.
)
("C:\Users\felix\AppData\Local\Programs\MiKTeX 2.9\tex\latex\amscls\amsthm.sty"
Package: amsthm 2017/10/31 v2.20.4
\thm@style=\toks23
\thm@bodyfont=\toks24
\thm@headfont=\toks25
\thm@notefont=\toks26
\thm@headpunct=\toks27
\thm@preskip=\skip61
\thm@postskip=\skip62
\thm@headsep=\skip63
\dth@everypar=\toks28
)
("C:\Users\felix\AppData\Local\Programs\MiKTeX 2.9\tex\latex\graphics\graphics.
sty"
Package: graphics 2017/06/25 v1.2c Standard LaTeX Graphics (DPC,SPQR)

("C:\Users\felix\AppData\Local\Programs\MiKTeX 2.9\tex\latex\graphics\trig.sty"
Package: trig 2016/01/03 v1.10 sin cos tan (DPC)
)
("C:\Users\felix\AppData\Local\Programs\MiKTeX 2.9\tex\latex\graphics-cfg\graph
ics.cfg"
File: graphics.cfg 2016/06/04 v1.11 sample graphics configuration
)
Package graphics Info: Driver file: pdftex.def on input line 99.

("C:\Users\felix\AppData\Local\Programs\MiKTeX 2.9\tex\latex\graphics-def\pdfte
x.def"
File: pdftex.def 2018/01/08 v1.0l Graphics/color driver for pdftex
))
("C:\Users\felix\AppData\Local\Programs\MiKTeX 2.9\tex\latex\graphics\graphicx.
sty"
Package: graphicx 2017/06/01 v1.1a Enhanced LaTeX Graphics (DPC,SPQR)
\Gin@req@height=\dimen117
\Gin@req@width=\dimen118
)
("C:\Users\felix\AppData\Local\Programs\MiKTeX 2.9\tex\latex\float\float.sty"
Package: float 2001/11/08 v1.3d Float enhancements (AL)
\c@float@type=\count114
\float@exts=\toks29
\float@box=\box30
\@float@everytoks=\toks30
\@floatcapt=\box31
)

Class scrartcl Warning: Usage of package `fancyhdr' together
(scrartcl)              with a KOMA-Script class is not recommended.
(scrartcl)              I'd suggest to use 
(scrartcl)              package `scrlayer' or `scrlayer-scrpage', because
(scrartcl)              they support KOMA-Script classes.
(scrartcl)              With `fancyhdr' several features of class `scrartcl'
(scrartcl)              like options `headsepline', `footsepline' or command
(scrartcl)              `\MakeMarkcase' and the commands `\setkomafont' and
(scrartcl)              `\addtokomafont' for the page style elements need
(scrartcl)              explicite user intervention to work.
(scrartcl)              Nevertheless, using requested
(scrartcl)              package `fancyhdr' on input line 46.


("C:\Users\felix\AppData\Local\Programs\MiKTeX 2.9\tex\latex\fancyhdr\fancyhdr.
sty"
Package: fancyhdr 2017/06/30 v3.9a Extensive control of page headers and footer
s
\f@nch@headwidth=\skip64
\f@nch@O@elh=\skip65
\f@nch@O@erh=\skip66
\f@nch@O@olh=\skip67
\f@nch@O@orh=\skip68
\f@nch@O@elf=\skip69
\f@nch@O@erf=\skip70
\f@nch@O@olf=\skip71
\f@nch@O@orf=\skip72
)
("C:\Users\felix\AppData\Local\Programs\MiKTeX 2.9\tex\latex\booktabs\booktabs.
sty"
Package: booktabs 2005/04/14 v1.61803 publication quality tables
\heavyrulewidth=\dimen119
\lightrulewidth=\dimen120
\cmidrulewidth=\dimen121
\belowrulesep=\dimen122
\belowbottomsep=\dimen123
\aboverulesep=\dimen124
\abovetopsep=\dimen125
\cmidrulesep=\dimen126
\cmidrulekern=\dimen127
\defaultaddspace=\dimen128
\@cmidla=\count115
\@cmidlb=\count116
\@aboverulesep=\dimen129
\@belowrulesep=\dimen130
\@thisruleclass=\count117
\@lastruleclass=\count118
\@thisrulewidth=\dimen131
)
("C:\Users\felix\AppData\Local\Programs\MiKTeX 2.9\tex\latex\listings\listings.
sty"
\lst@mode=\count119
\lst@gtempboxa=\box32
\lst@token=\toks31
\lst@length=\count120
\lst@currlwidth=\dimen132
\lst@column=\count121
\lst@pos=\count122
\lst@lostspace=\dimen133
\lst@width=\dimen134
\lst@newlines=\count123
\lst@lineno=\count124
\lst@maxwidth=\dimen135

("C:\Users\felix\AppData\Local\Programs\MiKTeX 2.9\tex\latex\listings\lstmisc.s
ty"
File: lstmisc.sty 2018/09/02 1.7 (Carsten Heinz)
\c@lstnumber=\count125
\lst@skipnumbers=\count126
\lst@framebox=\box33
)
("C:\Users\felix\AppData\Local\Programs\MiKTeX 2.9\tex\latex\listings\listings.
cfg"
File: listings.cfg 2018/09/02 1.7 listings configuration
))
Package: listings 2018/09/02 1.7 (Carsten Heinz)

("C:\Users\felix\AppData\Local\Programs\MiKTeX 2.9\tex\latex\graphics\color.sty
"
Package: color 2016/07/10 v1.1e Standard LaTeX Color (DPC)

("C:\Users\felix\AppData\Local\Programs\MiKTeX 2.9\tex\latex\graphics-cfg\color
.cfg"
File: color.cfg 2016/01/02 v1.6 sample color configuration
)
Package color Info: Driver file: pdftex.def on input line 147.
)
("C:\Users\felix\AppData\Local\Programs\MiKTeX 2.9\tex\latex\xcolor\xcolor.sty"
Package: xcolor 2016/05/11 v2.12 LaTeX color extensions (UK)

("C:\Users\felix\AppData\Local\Programs\MiKTeX 2.9\tex\latex\graphics-cfg\color
.cfg"
File: color.cfg 2016/01/02 v1.6 sample color configuration
)
Package xcolor Info: Driver file: pdftex.def on input line 225.
LaTeX Info: Redefining \color on input line 709.
Package xcolor Info: Model `cmy' substituted by `cmy0' on input line 1348.
Package xcolor Info: Model `hsb' substituted by `rgb' on input line 1352.
Package xcolor Info: Model `RGB' extended on input line 1364.
Package xcolor Info: Model `HTML' substituted by `rgb' on input line 1366.
Package xcolor Info: Model `Hsb' substituted by `hsb' on input line 1367.
Package xcolor Info: Model `tHsb' substituted by `hsb' on input line 1368.
Package xcolor Info: Model `HSB' substituted by `hsb' on input line 1369.
Package xcolor Info: Model `Gray' substituted by `gray' on input line 1370.
Package xcolor Info: Model `wave' substituted by `hsb' on input line 1371.
)
("C:\Users\felix\AppData\Local\Programs\MiKTeX 2.9\tex\latex\listings\lstlang1.
sty"
File: lstlang1.sty 2018/09/02 1.7 listings language file
)
("C:\Users\felix\AppData\Local\Programs\MiKTeX 2.9\tex\latex\listings\lstmisc.s
ty"
File: lstmisc.sty 2018/09/02 1.7 (Carsten Heinz)
)) (P6-Ramirez-Garcia-Felix.aux
LaTeX Info: Redefining \. on input line 24.
LaTeX Info: Redefining \% on input line 24.


LaTeX Warning: Label `fig:1' multiply defined.

)
\openout1 = `P6-Ramirez-Garcia-Felix.aux'.

LaTeX Font Info:    Checking defaults for OML/cmm/m/it on input line 31.
LaTeX Font Info:    ... okay on input line 31.
LaTeX Font Info:    Checking defaults for T1/cmr/m/n on input line 31.
LaTeX Font Info:    ... okay on input line 31.
LaTeX Font Info:    Checking defaults for OT1/cmr/m/n on input line 31.
LaTeX Font Info:    ... okay on input line 31.
LaTeX Font Info:    Checking defaults for OMS/cmsy/m/n on input line 31.
LaTeX Font Info:    ... okay on input line 31.
LaTeX Font Info:    Checking defaults for OMX/cmex/m/n on input line 31.
LaTeX Font Info:    ... okay on input line 31.
LaTeX Font Info:    Checking defaults for U/cmr/m/n on input line 31.
LaTeX Font Info:    ... okay on input line 31.
LaTeX Font Info:    Checking defaults for PD1/pdf/m/n on input line 31.
LaTeX Font Info:    ... okay on input line 31.
LaTeX Info: Redefining \. on input line 31.
LaTeX Info: Redefining \% on input line 31.
\AtBeginShipoutBox=\box34
Package hyperref Info: Link coloring ON on input line 31.

("C:\Users\felix\AppData\Local\Programs\MiKTeX 2.9\tex\latex\hyperref\nameref.s
ty"
Package: nameref 2016/05/21 v2.44 Cross-referencing by name of section

("C:\Users\felix\AppData\Local\Programs\MiKTeX 2.9\tex\generic\oberdiek\gettitl
estring.sty"
Package: gettitlestring 2016/05/16 v1.5 Cleanup title references (HO)
)
\c@section@level=\count127
)
LaTeX Info: Redefining \ref on input line 31.
LaTeX Info: Redefining \pageref on input line 31.
LaTeX Info: Redefining \nameref on input line 31.
 (P6-Ramirez-Garcia-Felix.out) (P6-Ramirez-Garcia-Felix.out)
\@outlinefile=\write3
\openout3 = `P6-Ramirez-Garcia-Felix.out'.


("C:\Users\felix\AppData\Local\Programs\MiKTeX 2.9\tex\context\base\supp-pdf.mk
ii"
[Loading MPS to PDF converter (version 2006.09.02).]
\scratchcounter=\count128
\scratchdimen=\dimen136
\scratchbox=\box35
\nofMPsegments=\count129
\nofMParguments=\count130
\everyMPshowfont=\toks32
\MPscratchCnt=\count131
\MPscratchDim=\dimen137
\MPnumerator=\count132
\makeMPintoPDFobject=\count133
\everyMPtoPDFconversion=\toks33
)
("C:\Users\felix\AppData\Local\Programs\MiKTeX 2.9\tex\latex\oberdiek\epstopdf-
base.sty"
Package: epstopdf-base 2016/05/15 v2.6 Base part for package epstopdf

("C:\Users\felix\AppData\Local\Programs\MiKTeX 2.9\tex\latex\oberdiek\grfext.st
y"
Package: grfext 2016/05/16 v1.2 Manage graphics extensions (HO)
)
Package epstopdf-base Info: Redefining graphics rule for `.eps' on input line 4
38.
Package grfext Info: Graphics extension search list:
(grfext)             [.pdf,.png,.jpg,.mps,.jpeg,.jbig2,.jb2,.PDF,.PNG,.JPG,.JPE
G,.JBIG2,.JB2,.eps]
(grfext)             \AppendGraphicsExtensions on input line 456.
)
\c@lstlisting=\count134
LaTeX Font Info:    Try loading font information for T1+cmss on input line 34.
 ("C:\Users\felix\AppData\Local\Programs\MiKTeX 2.9\tex\latex\base\t1cmss.fd"
File: t1cmss.fd 2014/09/29 v2.5h Standard LaTeX font definitions
)
<./imagenes/1.png, id=23, 48.18pt x 45.2892pt>
File: ./imagenes/1.png Graphic file (type png)
<use ./imagenes/1.png>
Package pdftex.def Info: ./imagenes/1.png  used on input line 34.
(pdftex.def)             Requested size: 125.47794pt x 117.94951pt.
<./imagenes/2.jpg, id=25, 225.84375pt x 225.84375pt>
File: ./imagenes/2.jpg Graphic file (type jpg)
<use ./imagenes/2.jpg>
Package pdftex.def Info: ./imagenes/2.jpg  used on input line 34.
(pdftex.def)             Requested size: 62.73578pt x 62.73613pt.
LaTeX Font Info:    Try loading font information for U+msa on input line 34.

("C:\Users\felix\AppData\Local\Programs\MiKTeX 2.9\tex\latex\amsfonts\umsa.fd"
File: umsa.fd 2013/01/14 v3.01 AMS symbols A
)
LaTeX Font Info:    Try loading font information for U+msb on input line 34.
("C:\Users\felix\AppData\Local\Programs\MiKTeX 2.9\tex\latex\amsfonts\umsb.fd"
File: umsb.fd 2013/01/14 v3.01 AMS symbols B
)
Package babel Info: Redefining spanish shorthand <<
(babel)             in language append on input line 35.
Package babel Info: Redefining spanish shorthand >>
(babel)             in language append on input line 35.
Package babel Info: Redefining spanish shorthand "=
(babel)             in language append on input line 35.
Package babel Info: Redefining spanish shorthand "~
(babel)             in language append on input line 35.
Package babel Info: Redefining spanish shorthand "!
(babel)             in language append on input line 35.
Package babel Info: Redefining spanish shorthand "?
(babel)             in language append on input line 35.
Package babel Info: Redefining spanish shorthand <<
(babel)             in language append on input line 35.
Package babel Info: Redefining spanish shorthand >>
(babel)             in language append on input line 35.
Package babel Info: Redefining spanish shorthand "=
(babel)             in language append on input line 35.
Package babel Info: Redefining spanish shorthand "~
(babel)             in language append on input line 35.
Package babel Info: Redefining spanish shorthand "!
(babel)             in language append on input line 35.
Package babel Info: Redefining spanish shorthand "?
(babel)             in language append on input line 35.
[1


{C:/Users/felix/AppData/Local/MiKTeX/2.9/pdftex/config/pdftex.map} <./imagenes/
1.png> <./imagenes/2.jpg>] (P6-Ramirez-Garcia-Felix.toc
LaTeX Info: Redefining \. on input line 1.
LaTeX Info: Redefining \% on input line 1.
Package tocbasic Info: Using my definition of `\numberline' on input line 2.
Package tocbasic Info: Using my definition of `\numberline' on input line 3.
Package tocbasic Info: Using my definition of `\numberline' on input line 4.
Package tocbasic Info: Using my definition of `\numberline' on input line 5.
Package tocbasic Info: Using my definition of `\numberline' on input line 6.
)
\tf@toc=\write4
\openout4 = `P6-Ramirez-Garcia-Felix.toc'.


(P6-Ramirez-Garcia-Felix.lof
LaTeX Info: Redefining \. on input line 1.
LaTeX Info: Redefining \% on input line 1.
Package tocbasic Info: Using my definition of `\numberline' on input line 2.
Package tocbasic Info: Using my definition of `\numberline' on input line 3.
)
\tf@lof=\write5
\openout5 = `P6-Ramirez-Garcia-Felix.lof'.

 (P6-Ramirez-Garcia-Felix.lot
LaTeX Info: Redefining \. on input line 1.
LaTeX Info: Redefining \% on input line 1.
)
\tf@lot=\write6
\openout6 = `P6-Ramirez-Garcia-Felix.lot'.

Package babel Info: Redefining spanish shorthand <<
(babel)             in language append on input line 43.
Package babel Info: Redefining spanish shorthand >>
(babel)             in language append on input line 43.
Package babel Info: Redefining spanish shorthand "=
(babel)             in language append on input line 43.
Package babel Info: Redefining spanish shorthand "~
(babel)             in language append on input line 43.
Package babel Info: Redefining spanish shorthand "!
(babel)             in language append on input line 43.
Package babel Info: Redefining spanish shorthand "?
(babel)             in language append on input line 43.
Package babel Info: Redefining spanish shorthand <<
(babel)             in language append on input line 43.
Package babel Info: Redefining spanish shorthand >>
(babel)             in language append on input line 43.
Package babel Info: Redefining spanish shorthand "=
(babel)             in language append on input line 43.
Package babel Info: Redefining spanish shorthand "~
(babel)             in language append on input line 43.
Package babel Info: Redefining spanish shorthand "!
(babel)             in language append on input line 43.
Package babel Info: Redefining spanish shorthand "?
(babel)             in language append on input line 43.
 [2]
Package babel Info: Redefining spanish shorthand <<
(babel)             in language append on input line 48.
Package babel Info: Redefining spanish shorthand >>
(babel)             in language append on input line 48.
Package babel Info: Redefining spanish shorthand "=
(babel)             in language append on input line 48.
Package babel Info: Redefining spanish shorthand "~
(babel)             in language append on input line 48.
Package babel Info: Redefining spanish shorthand "!
(babel)             in language append on input line 48.
Package babel Info: Redefining spanish shorthand "?
(babel)             in language append on input line 48.
Package babel Info: Redefining spanish shorthand <<
(babel)             in language append on input line 50.
Package babel Info: Redefining spanish shorthand >>
(babel)             in language append on input line 50.
Package babel Info: Redefining spanish shorthand "=
(babel)             in language append on input line 50.
Package babel Info: Redefining spanish shorthand "~
(babel)             in language append on input line 50.
Package babel Info: Redefining spanish shorthand "!
(babel)             in language append on input line 50.
Package babel Info: Redefining spanish shorthand "?
(babel)             in language append on input line 50.
LaTeX Font Info:    Try loading font information for T1+cmtt on input line 53.

("C:\Users\felix\AppData\Local\Programs\MiKTeX 2.9\tex\latex\base\t1cmtt.fd"
File: t1cmtt.fd 2014/09/29 v2.5h Standard LaTeX font definitions
)
LaTeX Font Info:    Font shape `T1/cmtt/bx/n' in size <9> not available
(Font)              Font shape `T1/cmtt/m/n' tried instead on input line 54.
Package babel Info: Redefining spanish shorthand <<
(babel)             in language append on input line 101.
Package babel Info: Redefining spanish shorthand >>
(babel)             in language append on input line 101.
Package babel Info: Redefining spanish shorthand "=
(babel)             in language append on input line 101.
Package babel Info: Redefining spanish shorthand "~
(babel)             in language append on input line 101.
Package babel Info: Redefining spanish shorthand "!
(babel)             in language append on input line 101.
Package babel Info: Redefining spanish shorthand "?
(babel)             in language append on input line 101.
Package babel Info: Redefining spanish shorthand <<
(babel)             in language append on input line 104.
Package babel Info: Redefining spanish shorthand >>
(babel)             in language append on input line 104.
Package babel Info: Redefining spanish shorthand "=
(babel)             in language append on input line 104.
Package babel Info: Redefining spanish shorthand "~
(babel)             in language append on input line 104.
Package babel Info: Redefining spanish shorthand "!
(babel)             in language append on input line 104.
Package babel Info: Redefining spanish shorthand "?
(babel)             in language append on input line 104.
Package babel Info: Redefining spanish shorthand <<
(babel)             in language append on input line 104.
Package babel Info: Redefining spanish shorthand >>
(babel)             in language append on input line 104.
Package babel Info: Redefining spanish shorthand "=
(babel)             in language append on input line 104.
Package babel Info: Redefining spanish shorthand "~
(babel)             in language append on input line 104.
Package babel Info: Redefining spanish shorthand "!
(babel)             in language append on input line 104.
Package babel Info: Redefining spanish shorthand "?
(babel)             in language append on input line 104.

[3]
Package babel Info: Redefining spanish shorthand <<
(babel)             in language append on input line 157.
Package babel Info: Redefining spanish shorthand >>
(babel)             in language append on input line 157.
Package babel Info: Redefining spanish shorthand "=
(babel)             in language append on input line 157.
Package babel Info: Redefining spanish shorthand "~
(babel)             in language append on input line 157.
Package babel Info: Redefining spanish shorthand "!
(babel)             in language append on input line 157.
Package babel Info: Redefining spanish shorthand "?
(babel)             in language append on input line 157.

Underfull \hbox (badness 10000) in paragraph at lines 159--160

 []

Package babel Info: Redefining spanish shorthand <<
(babel)             in language append on input line 161.
Package babel Info: Redefining spanish shorthand >>
(babel)             in language append on input line 161.
Package babel Info: Redefining spanish shorthand "=
(babel)             in language append on input line 161.
Package babel Info: Redefining spanish shorthand "~
(babel)             in language append on input line 161.
Package babel Info: Redefining spanish shorthand "!
(babel)             in language append on input line 161.
Package babel Info: Redefining spanish shorthand "?
(babel)             in language append on input line 161.
Package babel Info: Redefining spanish shorthand <<
(babel)             in language append on input line 161.
Package babel Info: Redefining spanish shorthand >>
(babel)             in language append on input line 161.
Package babel Info: Redefining spanish shorthand "=
(babel)             in language append on input line 161.
Package babel Info: Redefining spanish shorthand "~
(babel)             in language append on input line 161.
Package babel Info: Redefining spanish shorthand "!
(babel)             in language append on input line 161.
Package babel Info: Redefining spanish shorthand "?
(babel)             in language append on input line 161.
[4]
<./imagenes/line.png, id=161, 642.4pt x 481.8pt>
File: ./imagenes/line.png Graphic file (type png)
<use ./imagenes/line.png>
Package pdftex.def Info: ./imagenes/line.png  used on input line 165.
(pdftex.def)             Requested size: 418.25555pt x 313.70296pt.
<./imagenes/size.png, id=162, 642.4pt x 481.8pt>
File: ./imagenes/size.png Graphic file (type png)
<use ./imagenes/size.png>
Package pdftex.def Info: ./imagenes/size.png  used on input line 173.
(pdftex.def)             Requested size: 418.25555pt x 313.70296pt.
Package babel Info: Redefining spanish shorthand <<
(babel)             in language append on input line 180.
Package babel Info: Redefining spanish shorthand >>
(babel)             in language append on input line 180.
Package babel Info: Redefining spanish shorthand "=
(babel)             in language append on input line 180.
Package babel Info: Redefining spanish shorthand "~
(babel)             in language append on input line 180.
Package babel Info: Redefining spanish shorthand "!
(babel)             in language append on input line 180.
Package babel Info: Redefining spanish shorthand "?
(babel)             in language append on input line 180.
Package babel Info: Redefining spanish shorthand <<
(babel)             in language append on input line 186.
Package babel Info: Redefining spanish shorthand >>
(babel)             in language append on input line 186.
Package babel Info: Redefining spanish shorthand "=
(babel)             in language append on input line 186.
Package babel Info: Redefining spanish shorthand "~
(babel)             in language append on input line 186.
Package babel Info: Redefining spanish shorthand "!
(babel)             in language append on input line 186.
Package babel Info: Redefining spanish shorthand "?
(babel)             in language append on input line 186.
Package babel Info: Redefining spanish shorthand <<
(babel)             in language append on input line 186.
Package babel Info: Redefining spanish shorthand >>
(babel)             in language append on input line 186.
Package babel Info: Redefining spanish shorthand "=
(babel)             in language append on input line 186.
Package babel Info: Redefining spanish shorthand "~
(babel)             in language append on input line 186.
Package babel Info: Redefining spanish shorthand "!
(babel)             in language append on input line 186.
Package babel Info: Redefining spanish shorthand "?
(babel)             in language append on input line 186.
 [5pdfTeX warning (ext4): destination with the same identifier (name{figure.2.1
}) has been already used, duplicate ignored

\AtBegShi@Output ...ipout \box \AtBeginShipoutBox 
                                                  \fi \fi 
l.186 Arquitectura:
                                           x86_64 <./imagenes/line.png>]
Package babel Info: Redefining spanish shorthand <<
(babel)             in language append on input line 205.
Package babel Info: Redefining spanish shorthand >>
(babel)             in language append on input line 205.
Package babel Info: Redefining spanish shorthand "=
(babel)             in language append on input line 205.
Package babel Info: Redefining spanish shorthand "~
(babel)             in language append on input line 205.
Package babel Info: Redefining spanish shorthand "!
(babel)             in language append on input line 205.
Package babel Info: Redefining spanish shorthand "?
(babel)             in language append on input line 205.
Package babel Info: Redefining spanish shorthand <<
(babel)             in language append on input line 205.
Package babel Info: Redefining spanish shorthand >>
(babel)             in language append on input line 205.
Package babel Info: Redefining spanish shorthand "=
(babel)             in language append on input line 205.
Package babel Info: Redefining spanish shorthand "~
(babel)             in language append on input line 205.
Package babel Info: Redefining spanish shorthand "!
(babel)             in language append on input line 205.
Package babel Info: Redefining spanish shorthand "?
(babel)             in language append on input line 205.

[6pdfTeX warning (ext4): destination with the same identifier (name{figure.2.2}
) has been already used, duplicate ignored

\AtBegShi@Output ...ipout \box \AtBeginShipoutBox 
                                                  \fi \fi 
l.205 Cache 
            L1i:                           32K <./imagenes/size.png>]
Package atveryend Info: Empty hook `BeforeClearDocument' on input line 244.
Package babel Info: Redefining spanish shorthand <<
(babel)             in language append on input line 244.
Package babel Info: Redefining spanish shorthand >>
(babel)             in language append on input line 244.
Package babel Info: Redefining spanish shorthand "=
(babel)             in language append on input line 244.
Package babel Info: Redefining spanish shorthand "~
(babel)             in language append on input line 244.
Package babel Info: Redefining spanish shorthand "!
(babel)             in language append on input line 244.
Package babel Info: Redefining spanish shorthand "?
(babel)             in language append on input line 244.
Package babel Info: Redefining spanish shorthand <<
(babel)             in language append on input line 244.
Package babel Info: Redefining spanish shorthand >>
(babel)             in language append on input line 244.
Package babel Info: Redefining spanish shorthand "=
(babel)             in language append on input line 244.
Package babel Info: Redefining spanish shorthand "~
(babel)             in language append on input line 244.
Package babel Info: Redefining spanish shorthand "!
(babel)             in language append on input line 244.
Package babel Info: Redefining spanish shorthand "?
(babel)             in language append on input line 244.
 [7]
Package atveryend Info: Empty hook `AfterLastShipout' on input line 244.

(P6-Ramirez-Garcia-Felix.aux
LaTeX Info: Redefining \. on input line 24.
LaTeX Info: Redefining \% on input line 24.
)
Package atveryend Info: Executing hook `AtVeryEndDocument' on input line 244.
Package atveryend Info: Executing hook `AtEndAfterFileList' on input line 244.
Package rerunfilecheck Info: File `P6-Ramirez-Garcia-Felix.out' has not changed
.
(rerunfilecheck)             Checksum: D09C9F63D1FDD81BF4AE83E9130B80B4;308.


LaTeX Warning: There were multiply-defined labels.

Package atveryend Info: Empty hook `AtVeryVeryEnd' on input line 244.
 ) 
Here is how much of TeX's memory you used:
 11798 strings out of 492972
 180800 string characters out of 3126622
 730890 words of memory out of 3000000
 15362 multiletter control sequences out of 15000+200000
 19820 words of font info for 56 fonts, out of 3000000 for 9000
 1141 hyphenation exceptions out of 8191
 43i,12n,56p,9132b,1898s stack positions out of 5000i,500n,10000p,200000b,50000s
 <C:\Users\felix\AppData\Local\MiKTeX\2.9\fonts\pk\ljfour\jknappen\ec\dpi600\
ecit0900.pk> <C:\Users\felix\AppData\Local\MiKTeX\2.9\fonts\pk\ljfour\jknappen\
ec\dpi600\ectt0900.pk> <C:\Users\felix\AppData\Local\MiKTeX\2.9\fonts\pk\ljfour
\jknappen\ec\dpi600\ecsx1200.pk> <C:\Users\felix\AppData\Local\MiKTeX\2.9\fonts
\pk\ljfour\jknappen\ec\dpi600\ecsx1095.pk> <C:\Users\felix\AppData\Local\MiKTeX
\2.9\fonts\pk\ljfour\jknappen\ec\dpi600\ecsx1440.pk> <C:\Users\felix\AppData\Lo
cal\MiKTeX\2.9\fonts\pk\ljfour\jknappen\ec\dpi600\ecrm1095.pk> <C:\Users\felix\
AppData\Local\MiKTeX\2.9\fonts\pk\ljfour\jknappen\ec\dpi600\ecrm1440.pk> <C:\Us
ers\felix\AppData\Local\MiKTeX\2.9\fonts\pk\ljfour\jknappen\ec\dpi600\ecrm2074.
pk> <C:\Users\felix\AppData\Local\MiKTeX\2.9\fonts\pk\ljfour\jknappen\ec\dpi600
\eccc1095.pk> <C:\Users\felix\AppData\Local\MiKTeX\2.9\fonts\pk\ljfour\jknappen
\ec\dpi600\ecxc1095.pk>
Output written on P6-Ramirez-Garcia-Felix.pdf (7 pages, 214902 bytes).
PDF statistics:
 587 PDF objects out of 1000 (max. 8388607)
 146 named destinations out of 1000 (max. 500000)
 61 words of extra memory for PDF output out of 10000 (max. 10000000)

